# JRE version: OpenJDK Runtime Environment Temurin-21.0.7+6 (21.0.7+6) (build 21.0.7+6-LTS)
# Java VM: OpenJDK 64-Bit Server VM Temurin-21.0.7+6 (21.0.7+6-LTS, mixed mode, sharing, tiered, compressed oops, compressed class ptrs, parallel gc, windows-amd64)
GC Precious Log:
 CardTable entry size: 512
 CPUs: 8 total, 8 available
 Memory: 15761M
 Large Page Support: Disabled
 NUMA Support: Disabled
 Compressed Oops: Enabled (32-bit)
 Alignments: Space 512K, Generation 512K, Heap 2M
 Heap Min Capacity: 100M
 Heap Initial Capacity: 100M
 Heap Max Capacity: 1G
 Pre-touch: Disabled
 Parallel Workers: 8
Heap:
 PSYoungGen      total 5120K, used 4205K [0x00000000eab00000, 0x00000000eb100000, 0x0000000100000000)
  eden space 4096K, 83% used [0x00000000eab00000,0x00000000eae53c20,0x00000000eaf00000)
  from space 1024K, 84% used [0x00000000eaf00000,0x00000000eafd8000,0x00000000eb000000)
  to   space 1024K, 0% used [0x00000000eb000000,0x00000000eb000000,0x00000000eb100000)
 ParOldGen       total 115712K, used 115318K [0x00000000c0000000, 0x00000000c7100000, 0x00000000eab00000)
  object space 115712K, 99% used [0x00000000c0000000,0x00000000c709d950,0x00000000c7100000)
 Metaspace       used 60311K, committed 61632K, reserved 1114112K
  class space    used 6179K, committed 6784K, reserved 1048576K
GC Heap History (20 events):
Event: 45.599 GC heap before
{Heap before GC invocations=101 (full 3):
 PSYoungGen      total 5120K, used 4898K [0x00000000eab00000, 0x00000000eb100000, 0x0000000100000000)
  eden space 4096K, 100% used [0x00000000eab00000,0x00000000eaf00000,0x00000000eaf00000)
  from space 1024K, 78% used [0x00000000eaf00000,0x00000000eafc88b0,0x00000000eb000000)
  to   space 1024K, 0% used [0x00000000eb000000,0x00000000eb000000,0x00000000eb100000)
 ParOldGen       total 108032K, used 107963K [0x00000000c0000000, 0x00000000c6980000, 0x00000000eab00000)
  object space 108032K, 99% used [0x00000000c0000000,0x00000000c696ecc0,0x00000000c6980000)
 Metaspace       used 59311K, committed 60608K, reserved 1114112K
  class space    used 6094K, committed 6720K, reserved 1048576K
}
Event: 45.602 GC heap after
{Heap after GC invocations=101 (full 3):
 PSYoungGen      total 5120K, used 741K [0x00000000eab00000, 0x00000000eb100000, 0x0000000100000000)
  eden space 4096K, 0% used [0x00000000eab00000,0x00000000eab00000,0x00000000eaf00000)
  from space 1024K, 72% used [0x00000000eb000000,0x00000000eb0b9580,0x00000000eb100000)
  to   space 1024K, 0% used [0x00000000eaf00000,0x00000000eaf00000,0x00000000eb000000)
 ParOldGen       total 109056K, used 108635K [0x00000000c0000000, 0x00000000c6a80000, 0x00000000eab00000)
  object space 109056K, 99% used [0x00000000c0000000,0x00000000c6a16dd8,0x00000000c6a80000)
 Metaspace       used 59311K, committed 60608K, reserved 1114112K
  class space    used 6094K, committed 6720K, reserved 1048576K
}
Event: 49.116 GC heap before
{Heap before GC invocations=102 (full 3):
 PSYoungGen      total 5120K, used 4832K [0x00000000eab00000, 0x00000000eb100000, 0x0000000100000000)
  eden space 4096K, 99% used [0x00000000eab00000,0x00000000eaefee48,0x00000000eaf00000)
  from space 1024K, 72% used [0x00000000eb000000,0x00000000eb0b9580,0x00000000eb100000)
  to   space 1024K, 0% used [0x00000000eaf00000,0x00000000eaf00000,0x00000000eb000000)
 ParOldGen       total 109056K, used 108635K [0x00000000c0000000, 0x00000000c6a80000, 0x00000000eab00000)
  object space 109056K, 99% used [0x00000000c0000000,0x00000000c6a16dd8,0x00000000c6a80000)
 Metaspace       used 59363K, committed 60672K, reserved 1114112K
  class space    used 6100K, committed 6720K, reserved 1048576K
}
Event: 49.118 GC heap after
{Heap after GC invocations=102 (full 3):
 PSYoungGen      total 5120K, used 780K [0x00000000eab00000, 0x00000000eb100000, 0x0000000100000000)
  eden space 4096K, 0% used [0x00000000eab00000,0x00000000eab00000,0x00000000eaf00000)
  from space 1024K, 76% used [0x00000000eaf00000,0x00000000eafc3070,0x00000000eb000000)
  to   space 1024K, 0% used [0x00000000eb000000,0x00000000eb000000,0x00000000eb100000)
 ParOldGen       total 109568K, used 109273K [0x00000000c0000000, 0x00000000c6b00000, 0x00000000eab00000)
  object space 109568K, 99% used [0x00000000c0000000,0x00000000c6ab6780,0x00000000c6b00000)
 Metaspace       used 59363K, committed 60672K, reserved 1114112K
  class space    used 6100K, committed 6720K, reserved 1048576K
}
Event: 49.200 GC heap before
{Heap before GC invocations=103 (full 3):
 PSYoungGen      total 5120K, used 4876K [0x00000000eab00000, 0x00000000eb100000, 0x0000000100000000)
  eden space 4096K, 100% used [0x00000000eab00000,0x00000000eaf00000,0x00000000eaf00000)
  from space 1024K, 76% used [0x00000000eaf00000,0x00000000eafc3070,0x00000000eb000000)
  to   space 1024K, 0% used [0x00000000eb000000,0x00000000eb000000,0x00000000eb100000)
 ParOldGen       total 109568K, used 109273K [0x00000000c0000000, 0x00000000c6b00000, 0x00000000eab00000)
  object space 109568K, 99% used [0x00000000c0000000,0x00000000c6ab6780,0x00000000c6b00000)
 Metaspace       used 59727K, committed 60992K, reserved 1114112K
  class space    used 6133K, committed 6720K, reserved 1048576K
}
Event: 49.203 GC heap after
{Heap after GC invocations=103 (full 3):
 PSYoungGen      total 5120K, used 538K [0x00000000eab00000, 0x00000000eb100000, 0x0000000100000000)
  eden space 4096K, 0% used [0x00000000eab00000,0x00000000eab00000,0x00000000eaf00000)
  from space 1024K, 52% used [0x00000000eb000000,0x00000000eb086b38,0x00000000eb100000)
  to   space 1024K, 0% used [0x00000000eaf00000,0x00000000eaf00000,0x00000000eb000000)
 ParOldGen       total 110080K, used 109910K [0x00000000c0000000, 0x00000000c6b80000, 0x00000000eab00000)
  object space 110080K, 99% used [0x00000000c0000000,0x00000000c6b55a10,0x00000000c6b80000)
 Metaspace       used 59727K, committed 60992K, reserved 1114112K
  class space    used 6133K, committed 6720K, reserved 1048576K
}
Event: 49.241 GC heap before
{Heap before GC invocations=104 (full 3):
 PSYoungGen      total 5120K, used 4634K [0x00000000eab00000, 0x00000000eb100000, 0x0000000100000000)
  eden space 4096K, 100% used [0x00000000eab00000,0x00000000eaf00000,0x00000000eaf00000)
  from space 1024K, 52% used [0x00000000eb000000,0x00000000eb086b38,0x00000000eb100000)
  to   space 1024K, 0% used [0x00000000eaf00000,0x00000000eaf00000,0x00000000eb000000)
 ParOldGen       total 110080K, used 109910K [0x00000000c0000000, 0x00000000c6b80000, 0x00000000eab00000)
  object space 110080K, 99% used [0x00000000c0000000,0x00000000c6b55a10,0x00000000c6b80000)
 Metaspace       used 59796K, committed 61056K, reserved 1114112K
  class space    used 6143K, committed 6720K, reserved 1048576K
}
Event: 49.243 GC heap after
{Heap after GC invocations=104 (full 3):
 PSYoungGen      total 5120K, used 1010K [0x00000000eab00000, 0x00000000eb300000, 0x0000000100000000)
  eden space 4096K, 0% used [0x00000000eab00000,0x00000000eab00000,0x00000000eaf00000)
  from space 1024K, 98% used [0x00000000eaf00000,0x00000000eaffc940,0x00000000eb000000)
  to   space 2048K, 0% used [0x00000000eb100000,0x00000000eb100000,0x00000000eb300000)
 ParOldGen       total 110592K, used 110318K [0x00000000c0000000, 0x00000000c6c00000, 0x00000000eab00000)
  object space 110592K, 99% used [0x00000000c0000000,0x00000000c6bbb940,0x00000000c6c00000)
 Metaspace       used 59796K, committed 61056K, reserved 1114112K
  class space    used 6143K, committed 6720K, reserved 1048576K
}
Event: 49.410 GC heap before
{Heap before GC invocations=105 (full 3):
 PSYoungGen      total 5120K, used 5106K [0x00000000eab00000, 0x00000000eb300000, 0x0000000100000000)
  eden space 4096K, 99% used [0x00000000eab00000,0x00000000eaefffe0,0x00000000eaf00000)
  from space 1024K, 98% used [0x00000000eaf00000,0x00000000eaffc940,0x00000000eb000000)
  to   space 2048K, 0% used [0x00000000eb100000,0x00000000eb100000,0x00000000eb300000)
 ParOldGen       total 110592K, used 110318K [0x00000000c0000000, 0x00000000c6c00000, 0x00000000eab00000)
  object space 110592K, 99% used [0x00000000c0000000,0x00000000c6bbb940,0x00000000c6c00000)
 Metaspace       used 60103K, committed 61376K, reserved 1114112K
  class space    used 6176K, committed 6784K, reserved 1048576K
}
Event: 49.412 GC heap after
{Heap after GC invocations=105 (full 3):
 PSYoungGen      total 5120K, used 672K [0x00000000eab00000, 0x00000000eb200000, 0x0000000100000000)
  eden space 4096K, 0% used [0x00000000eab00000,0x00000000eab00000,0x00000000eaf00000)
  from space 1024K, 65% used [0x00000000eb100000,0x00000000eb1a8000,0x00000000eb200000)
  to   space 1024K, 0% used [0x00000000eaf00000,0x00000000eaf00000,0x00000000eb000000)
 ParOldGen       total 111616K, used 111260K [0x00000000c0000000, 0x00000000c6d00000, 0x00000000eab00000)
  object space 111616K, 99% used [0x00000000c0000000,0x00000000c6ca7248,0x00000000c6d00000)
 Metaspace       used 60103K, committed 61376K, reserved 1114112K
  class space    used 6176K, committed 6784K, reserved 1048576K
}
Event: 49.629 GC heap before
{Heap before GC invocations=106 (full 3):
 PSYoungGen      total 5120K, used 4768K [0x00000000eab00000, 0x00000000eb200000, 0x0000000100000000)
  eden space 4096K, 100% used [0x00000000eab00000,0x00000000eaf00000,0x00000000eaf00000)
  from space 1024K, 65% used [0x00000000eb100000,0x00000000eb1a8000,0x00000000eb200000)
  to   space 1024K, 0% used [0x00000000eaf00000,0x00000000eaf00000,0x00000000eb000000)
 ParOldGen       total 111616K, used 111260K [0x00000000c0000000, 0x00000000c6d00000, 0x00000000eab00000)
  object space 111616K, 99% used [0x00000000c0000000,0x00000000c6ca7248,0x00000000c6d00000)
 Metaspace       used 60164K, committed 61504K, reserved 1114112K
  class space    used 6177K, committed 6784K, reserved 1048576K
}
Event: 49.639 GC heap after
{Heap after GC invocations=106 (full 3):
 PSYoungGen      total 5120K, used 687K [0x00000000eab00000, 0x00000000eb180000, 0x0000000100000000)
  eden space 4096K, 0% used [0x00000000eab00000,0x00000000eab00000,0x00000000eaf00000)
  from space 1024K, 67% used [0x00000000eaf00000,0x00000000eafabcb0,0x00000000eb000000)
  to   space 1024K, 0% used [0x00000000eb080000,0x00000000eb080000,0x00000000eb180000)
 ParOldGen       total 112128K, used 111800K [0x00000000c0000000, 0x00000000c6d80000, 0x00000000eab00000)
  object space 112128K, 99% used [0x00000000c0000000,0x00000000c6d2e0c8,0x00000000c6d80000)
 Metaspace       used 60164K, committed 61504K, reserved 1114112K
  class space    used 6177K, committed 6784K, reserved 1048576K
}
Event: 49.804 GC heap before
{Heap before GC invocations=107 (full 3):
 PSYoungGen      total 5120K, used 4783K [0x00000000eab00000, 0x00000000eb180000, 0x0000000100000000)
  eden space 4096K, 100% used [0x00000000eab00000,0x00000000eaf00000,0x00000000eaf00000)
  from space 1024K, 67% used [0x00000000eaf00000,0x00000000eafabcb0,0x00000000eb000000)
  to   space 1024K, 0% used [0x00000000eb080000,0x00000000eb080000,0x00000000eb180000)
 ParOldGen       total 112128K, used 111800K [0x00000000c0000000, 0x00000000c6d80000, 0x00000000eab00000)
  object space 112128K, 99% used [0x00000000c0000000,0x00000000c6d2e0c8,0x00000000c6d80000)
 Metaspace       used 60192K, committed 61504K, reserved 1114112K
  class space    used 6177K, committed 6784K, reserved 1048576K
}
Event: 49.806 GC heap after
{Heap after GC invocations=107 (full 3):
 PSYoungGen      total 5120K, used 832K [0x00000000eab00000, 0x00000000eb180000, 0x0000000100000000)
  eden space 4096K, 0% used [0x00000000eab00000,0x00000000eab00000,0x00000000eaf00000)
  from space 1024K, 81% used [0x00000000eb080000,0x00000000eb150000,0x00000000eb180000)
  to   space 1024K, 0% used [0x00000000eaf00000,0x00000000eaf00000,0x00000000eb000000)
 ParOldGen       total 112640K, used 112370K [0x00000000c0000000, 0x00000000c6e00000, 0x00000000eab00000)
  object space 112640K, 99% used [0x00000000c0000000,0x00000000c6dbca08,0x00000000c6e00000)
 Metaspace       used 60192K, committed 61504K, reserved 1114112K
  class space    used 6177K, committed 6784K, reserved 1048576K
}
Event: 50.025 GC heap before
{Heap before GC invocations=108 (full 3):
 PSYoungGen      total 5120K, used 4928K [0x00000000eab00000, 0x00000000eb180000, 0x0000000100000000)
  eden space 4096K, 100% used [0x00000000eab00000,0x00000000eaf00000,0x00000000eaf00000)
  from space 1024K, 81% used [0x00000000eb080000,0x00000000eb150000,0x00000000eb180000)
  to   space 1024K, 0% used [0x00000000eaf00000,0x00000000eaf00000,0x00000000eb000000)
 ParOldGen       total 112640K, used 112370K [0x00000000c0000000, 0x00000000c6e00000, 0x00000000eab00000)
  object space 112640K, 99% used [0x00000000c0000000,0x00000000c6dbca08,0x00000000c6e00000)
 Metaspace       used 60267K, committed 61568K, reserved 1114112K
  class space    used 6179K, committed 6784K, reserved 1048576K
}
Event: 50.028 GC heap after
{Heap after GC invocations=108 (full 3):
 PSYoungGen      total 5120K, used 672K [0x00000000eab00000, 0x00000000eb100000, 0x0000000100000000)
  eden space 4096K, 0% used [0x00000000eab00000,0x00000000eab00000,0x00000000eaf00000)
  from space 1024K, 65% used [0x00000000eaf00000,0x00000000eafa8000,0x00000000eb000000)
  to   space 1024K, 0% used [0x00000000eb000000,0x00000000eb000000,0x00000000eb100000)
 ParOldGen       total 113152K, used 112979K [0x00000000c0000000, 0x00000000c6e80000, 0x00000000eab00000)
  object space 113152K, 99% used [0x00000000c0000000,0x00000000c6e54c48,0x00000000c6e80000)
 Metaspace       used 60267K, committed 61568K, reserved 1114112K
  class space    used 6179K, committed 6784K, reserved 1048576K
}
Event: 50.077 GC heap before
{Heap before GC invocations=109 (full 3):
 PSYoungGen      total 5120K, used 4767K [0x00000000eab00000, 0x00000000eb100000, 0x0000000100000000)
  eden space 4096K, 99% used [0x00000000eab00000,0x00000000eaeffcf0,0x00000000eaf00000)
  from space 1024K, 65% used [0x00000000eaf00000,0x00000000eafa8000,0x00000000eb000000)
  to   space 1024K, 0% used [0x00000000eb000000,0x00000000eb000000,0x00000000eb100000)
 ParOldGen       total 113152K, used 112979K [0x00000000c0000000, 0x00000000c6e80000, 0x00000000eab00000)
  object space 113152K, 99% used [0x00000000c0000000,0x00000000c6e54c48,0x00000000c6e80000)
 Metaspace       used 60275K, committed 61568K, reserved 1114112K
  class space    used 6179K, committed 6784K, reserved 1048576K
}
Event: 50.080 GC heap after
{Heap after GC invocations=109 (full 3):
 PSYoungGen      total 5120K, used 704K [0x00000000eab00000, 0x00000000eb100000, 0x0000000100000000)
  eden space 4096K, 0% used [0x00000000eab00000,0x00000000eab00000,0x00000000eaf00000)
  from space 1024K, 68% used [0x00000000eb000000,0x00000000eb0b0000,0x00000000eb100000)
  to   space 1024K, 0% used [0x00000000eaf00000,0x00000000eaf00000,0x00000000eb000000)
 ParOldGen       total 113664K, used 113497K [0x00000000c0000000, 0x00000000c6f00000, 0x00000000eab00000)
  object space 113664K, 99% used [0x00000000c0000000,0x00000000c6ed66e0,0x00000000c6f00000)
 Metaspace       used 60275K, committed 61568K, reserved 1114112K
  class space    used 6179K, committed 6784K, reserved 1048576K
}
Event: 50.169 GC heap before
{Heap before GC invocations=110 (full 3):
 PSYoungGen      total 5120K, used 4794K [0x00000000eab00000, 0x00000000eb100000, 0x0000000100000000)
  eden space 4096K, 99% used [0x00000000eab00000,0x00000000eaefebb8,0x00000000eaf00000)
  from space 1024K, 68% used [0x00000000eb000000,0x00000000eb0b0000,0x00000000eb100000)
  to   space 1024K, 0% used [0x00000000eaf00000,0x00000000eaf00000,0x00000000eb000000)
 ParOldGen       total 113664K, used 113497K [0x00000000c0000000, 0x00000000c6f00000, 0x00000000eab00000)
  object space 113664K, 99% used [0x00000000c0000000,0x00000000c6ed66e0,0x00000000c6f00000)
 Metaspace       used 60304K, committed 61632K, reserved 1114112K
  class space    used 6179K, committed 6784K, reserved 1048576K
}
Event: 50.170 GC heap after
{Heap after GC invocations=110 (full 3):
 PSYoungGen      total 5120K, used 747K [0x00000000eab00000, 0x00000000eb100000, 0x0000000100000000)
  eden space 4096K, 0% used [0x00000000eab00000,0x00000000eab00000,0x00000000eaf00000)
  from space 1024K, 72% used [0x00000000eaf00000,0x00000000eafbade8,0x00000000eb000000)
  to   space 1024K, 0% used [0x00000000eb000000,0x00000000eb000000,0x00000000eb100000)
 ParOldGen       total 114176K, used 114071K [0x00000000c0000000, 0x00000000c6f80000, 0x00000000eab00000)
  object space 114176K, 99% used [0x00000000c0000000,0x00000000c6f65e80,0x00000000c6f80000)
 Metaspace       used 60304K, committed 61632K, reserved 1114112K
  class space    used 6179K, committed 6784K, reserved 1048576K
}

